2014-06-17 06:41:49 Error: [MissingViewException] View file "D:\wamp\www\MoDACA\View\Households\index.ctp" is missing.
Exception Attributes: array (
  'file' => 'D:\\wamp\\www\\MoDACA\\View\\Households\\index.ctp',
)
Request URL: /MoDACA/households
Stack Trace:
#0 D:\wamp\www\CakePHP\lib\Cake\View\View.php(468): View->_getViewFileName(NULL)
#1 D:\wamp\www\CakePHP\lib\Cake\Controller\Controller.php(954): View->render(NULL, NULL)
#2 D:\wamp\www\CakePHP\lib\Cake\Routing\Dispatcher.php(198): Controller->render()
#3 D:\wamp\www\CakePHP\lib\Cake\Routing\Dispatcher.php(165): Dispatcher->_invoke(Object(HouseholdsController), Object(CakeRequest))
#4 D:\wamp\www\MoDACA\webroot\index.php(99): Dispatcher->dispatch(Object(CakeRequest), Object(CakeResponse))
#5 {main}
2014-06-24 11:34:24 Error: [MissingControllerException] Controller class Client-dash-initController could not be found.
Exception Attributes: array (
  'class' => 'Client-dash-initController',
  'plugin' => NULL,
)
Request URL: /MoDACA/client-dash-init/
Stack Trace:
#0 D:\wamp\www\MoDACA\webroot\index.php(99): Dispatcher->dispatch(Object(CakeRequest), Object(CakeResponse))
#1 {main}
2014-07-15 21:53:57 Error: [MissingControllerException] Controller class RangerController could not be found.
Exception Attributes: array (
  'class' => 'RangerController',
  'plugin' => NULL,
)
Request URL: /MoDACA/Ranger
Stack Trace:
#0 D:\wamp\www\MoDACA\webroot\index.php(99): Dispatcher->dispatch(Object(CakeRequest), Object(CakeResponse))
#1 {main}
2014-07-15 21:56:30 Error: [MissingControllerException] Controller class ViewController could not be found.
Exception Attributes: array (
  'class' => 'ViewController',
  'plugin' => NULL,
)
Request URL: /MoDACA/View/Layouts/error
Stack Trace:
#0 D:\wamp\www\MoDACA\webroot\index.php(99): Dispatcher->dispatch(Object(CakeRequest), Object(CakeResponse))
#1 {main}
